<?xml version="1.0" encoding="UTF-8"?>
<!-- Generated by org.testng.reporters.JUnitReportReporter -->
<testsuite skipped="0" hostname="DESKTOP-SEGKFC2" name="com.training.regression.tests.AdminDBTest" tests="3" failures="0" timestamp="30 Jan 2019 09:42:59 GMT" time="118.579" errors="0">
  <testcase name="addNewUser" time="43.008" classname="com.training.regression.tests.AdminDBTest"/>
  <testcase name="addNewUser" time="36.174" classname="com.training.regression.tests.AdminDBTest"/>
  <testcase name="addNewUser" time="39.397" classname="com.training.regression.tests.AdminDBTest"/>
</testsuite> <!-- com.training.regression.tests.AdminDBTest -->
