<?xml version="1.0" encoding="UTF-8"?>
<!-- Generated by org.testng.reporters.JUnitReportReporter -->
<testsuite skipped="0" hostname="DESKTOP-SEGKFC2" name="com.training.sanity.tests.creatNewProject" tests="1" failures="0" timestamp="23 Jan 2019 12:18:13 GMT" time="84.015" errors="0">
  <testcase name="projectNew" time="84.015" classname="com.training.sanity.tests.creatNewProject"/>
</testsuite> <!-- com.training.sanity.tests.creatNewProject -->
