<?xml version="1.0" encoding="UTF-8"?>
<!-- Generated by org.testng.reporters.JUnitReportReporter -->
<testsuite skipped="0" hostname="DESKTOP-SEGKFC2" name="com.training.regression.tests.adminAddUser" tests="4" failures="0" timestamp="29 Jan 2019 16:47:03 GMT" time="117.980" errors="0">
  <testcase name="addNewUser" time="32.786" classname="com.training.regression.tests.adminAddUser"/>
  <testcase name="addNewUser" time="29.025" classname="com.training.regression.tests.adminAddUser"/>
  <testcase name="addNewUser" time="28.669" classname="com.training.regression.tests.adminAddUser"/>
  <testcase name="addNewUser" time="27.500" classname="com.training.regression.tests.adminAddUser"/>
</testsuite> <!-- com.training.regression.tests.adminAddUser -->
