<?xml version="1.0" encoding="UTF-8"?>
<!-- Generated by org.testng.reporters.JUnitReportReporter -->
<testsuite skipped="0" hostname="DESKTOP-SEGKFC2" name="com.training.regression.tests.LoginExcelTest" tests="2" failures="0" timestamp="24 Jan 2019 10:14:31 GMT" time="32.580" errors="0">
  <testcase name="loginDBTest" time="14.395" classname="com.training.regression.tests.LoginExcelTest"/>
  <testcase name="loginDBTest" time="18.185" classname="com.training.regression.tests.LoginExcelTest"/>
</testsuite> <!-- com.training.regression.tests.LoginExcelTest -->
