<?xml version="1.0" encoding="UTF-8"?>
<!-- Generated by org.testng.reporters.JUnitReportReporter -->
<testsuite skipped="0" hostname="DESKTOP-SEGKFC2" name="com.training.sanity.tests.searchCourse" tests="1" failures="0" timestamp="14 Jan 2019 13:12:01 GMT" time="20.706" errors="0">
  <testcase name="searchCourse" time="20.706" classname="com.training.sanity.tests.searchCourse"/>
</testsuite> <!-- com.training.sanity.tests.searchCourse -->
