<?xml version="1.0" encoding="UTF-8"?>
<!-- Generated by org.testng.reporters.JUnitReportReporter -->
<testsuite skipped="0" hostname="DESKTOP-SEGKFC2" name="com.training.sanity.tests.CourseDescription" tests="1" failures="0" timestamp="23 Jan 2019 11:25:12 GMT" time="47.601" errors="0">
  <testcase name="courseDescription" time="47.601" classname="com.training.sanity.tests.CourseDescription"/>
</testsuite> <!-- com.training.sanity.tests.CourseDescription -->
