<?xml version="1.0" encoding="UTF-8"?>
<!-- Generated by org.testng.reporters.JUnitReportReporter -->
<testsuite skipped="0" hostname="DESKTOP-SEGKFC2" name="com.training.regression.tests.LoginDBTest" tests="2" failures="0" timestamp="27 Jan 2019 11:36:14 GMT" time="45.977" errors="0">
  <testcase name="loginDBTest" time="25.011" classname="com.training.regression.tests.LoginDBTest"/>
  <testcase name="loginDBTest" time="20.966" classname="com.training.regression.tests.LoginDBTest"/>
</testsuite> <!-- com.training.regression.tests.LoginDBTest -->
