<?xml version="1.0" encoding="UTF-8"?>
<!-- Generated by org.testng.reporters.JUnitReportReporter -->
<testsuite skipped="0" hostname="DESKTOP-SEGKFC2" name="com.training.sanity.tests.newGroup" tests="1" failures="0" timestamp="22 Jan 2019 09:23:32 GMT" time="58.643" errors="0">
  <testcase name="reportTests" time="58.643" classname="com.training.sanity.tests.newGroup"/>
</testsuite> <!-- com.training.sanity.tests.newGroup -->
