<?xml version="1.0" encoding="UTF-8"?>
<!-- Generated by org.testng.reporters.JUnitReportReporter -->
<testsuite skipped="0" hostname="DESKTOP-SEGKFC2" name="com.training.sanity.tests.newGroup" tests="1" failures="0" timestamp="23 Jan 2019 12:01:16 GMT" time="71.697" errors="0">
  <testcase name="reportTests" time="71.697" classname="com.training.sanity.tests.newGroup"/>
</testsuite> <!-- com.training.sanity.tests.newGroup -->
