<?xml version="1.0" encoding="UTF-8"?>
<!-- Generated by org.testng.reporters.JUnitReportReporter -->
<testsuite skipped="0" hostname="DESKTOP-SEGKFC2" name="com.training.sanity.tests.unSubscribeUser" tests="1" failures="0" timestamp="14 Jan 2019 13:12:01 GMT" time="35.440" errors="0">
  <testcase name="unSubscribeuser" time="35.440" classname="com.training.sanity.tests.unSubscribeUser"/>
</testsuite> <!-- com.training.sanity.tests.unSubscribeUser -->
