<?xml version="1.0" encoding="UTF-8"?>
<!-- Generated by org.testng.reporters.JUnitReportReporter -->
<testsuite skipped="0" hostname="DESKTOP-SEGKFC2" name="com.training.sanity.tests.validateTests" tests="1" failures="0" timestamp="21 Jan 2019 04:01:33 GMT" time="41.830" errors="0">
  <testcase name="validateTests" time="41.830" classname="com.training.sanity.tests.validateTests"/>
</testsuite> <!-- com.training.sanity.tests.validateTests -->
