<?xml version="1.0" encoding="UTF-8"?>
<!-- Generated by org.testng.reporters.JUnitReportReporter -->
<testsuite skipped="0" hostname="DESKTOP-SEGKFC2" name="com.training.regression.tests.AdminReport" tests="1" failures="0" timestamp="31 Jan 2019 19:36:31 GMT" time="77.948" errors="0">
  <testcase name="adminReporting" time="77.948" classname="com.training.regression.tests.AdminReport"/>
</testsuite> <!-- com.training.regression.tests.AdminReport -->
