<?xml version="1.0" encoding="UTF-8"?>
<!-- Generated by org.testng.reporters.JUnitReportReporter -->
<testsuite skipped="0" hostname="DESKTOP-SEGKFC2" name="com.training.sanity.tests.unSubscribeUser" tests="1" failures="0" timestamp="23 Jan 2019 11:39:48 GMT" time="42.928" errors="0">
  <testcase name="unSubscribeuser" time="42.928" classname="com.training.sanity.tests.unSubscribeUser"/>
</testsuite> <!-- com.training.sanity.tests.unSubscribeUser -->
