<?xml version="1.0" encoding="UTF-8"?>
<!-- Generated by org.testng.reporters.JUnitReportReporter -->
<testsuite skipped="0" hostname="DESKTOP-SEGKFC2" name="com.training.sanity.tests.genReport" tests="1" failures="0" timestamp="23 Jan 2019 11:59:09 GMT" time="56.794" errors="0">
  <testcase name="generateReport" time="56.794" classname="com.training.sanity.tests.genReport"/>
</testsuite> <!-- com.training.sanity.tests.genReport -->
