<?xml version="1.0" encoding="UTF-8"?>
<!-- Generated by org.testng.reporters.JUnitReportReporter -->
<testsuite skipped="0" hostname="DESKTOP-SEGKFC2" name="com.training.sanity.tests.TeacherLoginTest" tests="1" failures="0" timestamp="14 Jan 2019 13:12:01 GMT" time="14.314" errors="0">
  <testcase name="validLoginTest" time="14.314" classname="com.training.sanity.tests.TeacherLoginTest"/>
</testsuite> <!-- com.training.sanity.tests.TeacherLoginTest -->
