<?xml version="1.0" encoding="UTF-8"?>
<!-- Generated by org.testng.reporters.JUnitReportReporter -->
<testsuite skipped="0" hostname="DESKTOP-SEGKFC2" name="com.training.sanity.tests.reportTest" tests="1" failures="0" timestamp="23 Jan 2019 11:55:00 GMT" time="56.261" errors="0">
  <testcase name="reportTests" time="56.261" classname="com.training.sanity.tests.reportTest"/>
</testsuite> <!-- com.training.sanity.tests.reportTest -->
