<?xml version="1.0" encoding="UTF-8"?>
<!-- Generated by org.testng.reporters.JUnitReportReporter -->
<testsuite skipped="0" hostname="DESKTOP-SEGKFC2" name="com.training.sanity.tests.TeacherLoginTest" tests="1" failures="0" timestamp="23 Jan 2019 10:30:47 GMT" time="21.378" errors="0">
  <testcase name="validLoginTest" time="21.378" classname="com.training.sanity.tests.TeacherLoginTest"/>
</testsuite> <!-- com.training.sanity.tests.TeacherLoginTest -->
