<?xml version="1.0" encoding="UTF-8"?>
<!-- Generated by org.testng.reporters.JUnitReportReporter -->
<testsuite skipped="0" hostname="DESKTOP-SEGKFC2" name="com.training.regression.tests.InvalidUserDetails" tests="4" failures="0" timestamp="05 Feb 2019 06:36:17 GMT" time="126.703" errors="0">
  <testcase name="addNewUser" time="32.354" classname="com.training.regression.tests.InvalidUserDetails"/>
  <testcase name="addNewUser" time="31.636" classname="com.training.regression.tests.InvalidUserDetails"/>
  <testcase name="addNewUser" time="30.858" classname="com.training.regression.tests.InvalidUserDetails"/>
  <testcase name="addNewUser" time="31.855" classname="com.training.regression.tests.InvalidUserDetails"/>
</testsuite> <!-- com.training.regression.tests.InvalidUserDetails -->
