<?xml version="1.0" encoding="UTF-8"?>
<!-- Generated by org.testng.reporters.JUnitReportReporter -->
<testsuite skipped="0" hostname="DESKTOP-SEGKFC2" name="com.training.sanity.tests.searchCourse" tests="1" failures="0" timestamp="23 Jan 2019 11:29:14 GMT" time="26.881" errors="0">
  <testcase name="searchCourses" time="26.881" classname="com.training.sanity.tests.searchCourse"/>
</testsuite> <!-- com.training.sanity.tests.searchCourse -->
