<?xml version="1.0" encoding="UTF-8"?>
<!-- Generated by org.testng.reporters.JUnitReportReporter -->
<testsuite skipped="0" hostname="DESKTOP-SEGKFC2" name="com.training.sanity.tests.genReport" tests="1" failures="0" timestamp="22 Jan 2019 17:01:40 GMT" time="70.899" errors="0">
  <testcase name="generateReport" time="70.899" classname="com.training.sanity.tests.genReport"/>
</testsuite> <!-- com.training.sanity.tests.genReport -->
