<?xml version="1.0" encoding="UTF-8"?>
<!-- Generated by org.testng.reporters.JUnitReportReporter -->
<testsuite skipped="0" hostname="DESKTOP-SEGKFC2" name="com.training.sanity.tests.CreateNewCourse" tests="1" failures="0" timestamp="23 Jan 2019 11:16:30 GMT" time="63.982" errors="0">
  <testcase name="newCourseAdd" time="63.982" classname="com.training.sanity.tests.CreateNewCourse"/>
</testsuite> <!-- com.training.sanity.tests.CreateNewCourse -->
